<?xml version="1.0" encoding="UTF-8"?>
<testsuite name="com.example.objectmapper.ObjectMapperApplicationTests" tests="1" skipped="0" failures="0" errors="0" timestamp="2022-09-22T14:37:18" hostname="gang-gwiyeong-ui-MacBookAir.local" time="0.434">
  <properties/>
  <testcase name="contextLoads()" classname="com.example.objectmapper.ObjectMapperApplicationTests" time="0.434"/>
  <system-out><![CDATA[23:37:15.413 [Test worker] DEBUG org.springframework.test.context.BootstrapUtils - Instantiating CacheAwareContextLoaderDelegate from class [org.springframework.test.context.cache.DefaultCacheAwareContextLoaderDelegate]
23:37:15.430 [Test worker] DEBUG org.springframework.test.context.BootstrapUtils - Instantiating BootstrapContext using constructor [public org.springframework.test.context.support.DefaultBootstrapContext(java.lang.Class,org.springframework.test.context.CacheAwareContextLoaderDelegate)]
23:37:15.473 [Test worker] DEBUG org.springframework.test.context.BootstrapUtils - Instantiating TestContextBootstrapper for test class [com.example.objectmapper.ObjectMapperApplicationTests] from class [org.springframework.boot.test.context.SpringBootTestContextBootstrapper]
23:37:15.483 [Test worker] INFO org.springframework.boot.test.context.SpringBootTestContextBootstrapper - Neither @ContextConfiguration nor @ContextHierarchy found for test class [com.example.objectmapper.ObjectMapperApplicationTests], using SpringBootContextLoader
23:37:15.490 [Test worker] DEBUG org.springframework.test.context.support.AbstractContextLoader - Did not detect default resource location for test class [com.example.objectmapper.ObjectMapperApplicationTests]: class path resource [com/example/objectmapper/ObjectMapperApplicationTests-context.xml] does not exist
23:37:15.490 [Test worker] DEBUG org.springframework.test.context.support.AbstractContextLoader - Did not detect default resource location for test class [com.example.objectmapper.ObjectMapperApplicationTests]: class path resource [com/example/objectmapper/ObjectMapperApplicationTestsContext.groovy] does not exist
23:37:15.491 [Test worker] INFO org.springframework.test.context.support.AbstractContextLoader - Could not detect default resource locations for test class [com.example.objectmapper.ObjectMapperApplicationTests]: no resource found for suffixes {-context.xml, Context.groovy}.
23:37:15.491 [Test worker] INFO org.springframework.test.context.support.AnnotationConfigContextLoaderUtils - Could not detect default configuration classes for test class [com.example.objectmapper.ObjectMapperApplicationTests]: ObjectMapperApplicationTests does not declare any static, non-private, non-final, nested classes annotated with @Configuration.
23:37:15.594 [Test worker] DEBUG org.springframework.test.context.support.ActiveProfilesUtils - Could not find an 'annotation declaring class' for annotation type [org.springframework.test.context.ActiveProfiles] and class [com.example.objectmapper.ObjectMapperApplicationTests]
23:37:15.662 [Test worker] DEBUG org.springframework.context.annotation.ClassPathScanningCandidateComponentProvider - Identified candidate component class: file [/Users/vida.siru/IdeaProjects/object-mapper/build/classes/java/main/com/example/objectmapper/ObjectMapperApplication.class]
23:37:15.666 [Test worker] INFO org.springframework.boot.test.context.SpringBootTestContextBootstrapper - Found @SpringBootConfiguration com.example.objectmapper.ObjectMapperApplication for test class com.example.objectmapper.ObjectMapperApplicationTests
23:37:15.765 [Test worker] DEBUG org.springframework.boot.test.context.SpringBootTestContextBootstrapper - @TestExecutionListeners is not present for class [com.example.objectmapper.ObjectMapperApplicationTests]: using defaults.
23:37:15.766 [Test worker] INFO org.springframework.boot.test.context.SpringBootTestContextBootstrapper - Loaded default TestExecutionListener class names from location [META-INF/spring.factories]: [org.springframework.boot.test.autoconfigure.restdocs.RestDocsTestExecutionListener, org.springframework.boot.test.autoconfigure.web.client.MockRestServiceServerResetTestExecutionListener, org.springframework.boot.test.autoconfigure.web.servlet.MockMvcPrintOnlyOnFailureTestExecutionListener, org.springframework.boot.test.autoconfigure.web.servlet.WebDriverTestExecutionListener, org.springframework.boot.test.autoconfigure.webservices.client.MockWebServiceServerTestExecutionListener, org.springframework.boot.test.mock.mockito.MockitoTestExecutionListener, org.springframework.boot.test.mock.mockito.ResetMocksTestExecutionListener, org.springframework.test.context.web.ServletTestExecutionListener, org.springframework.test.context.support.DirtiesContextBeforeModesTestExecutionListener, org.springframework.test.context.event.ApplicationEventsTestExecutionListener, org.springframework.test.context.support.DependencyInjectionTestExecutionListener, org.springframework.test.context.support.DirtiesContextTestExecutionListener, org.springframework.test.context.transaction.TransactionalTestExecutionListener, org.springframework.test.context.jdbc.SqlScriptsTestExecutionListener, org.springframework.test.context.event.EventPublishingTestExecutionListener]
23:37:15.776 [Test worker] DEBUG org.springframework.boot.test.context.SpringBootTestContextBootstrapper - Skipping candidate TestExecutionListener [org.springframework.test.context.transaction.TransactionalTestExecutionListener] due to a missing dependency. Specify custom listener classes or make the default listener classes and their required dependencies available. Offending class: [org/springframework/transaction/TransactionDefinition]
23:37:15.776 [Test worker] DEBUG org.springframework.boot.test.context.SpringBootTestContextBootstrapper - Skipping candidate TestExecutionListener [org.springframework.test.context.jdbc.SqlScriptsTestExecutionListener] due to a missing dependency. Specify custom listener classes or make the default listener classes and their required dependencies available. Offending class: [org/springframework/transaction/interceptor/TransactionAttribute]
23:37:15.776 [Test worker] INFO org.springframework.boot.test.context.SpringBootTestContextBootstrapper - Using TestExecutionListeners: [org.springframework.test.context.web.ServletTestExecutionListener@5489c777, org.springframework.test.context.support.DirtiesContextBeforeModesTestExecutionListener@3676ac27, org.springframework.test.context.event.ApplicationEventsTestExecutionListener@62f87c44, org.springframework.boot.test.mock.mockito.MockitoTestExecutionListener@48f5bde6, org.springframework.boot.test.autoconfigure.SpringBootDependencyInjectionTestExecutionListener@525d79f0, org.springframework.test.context.support.DirtiesContextTestExecutionListener@5149f008, org.springframework.test.context.event.EventPublishingTestExecutionListener@7072bc39, org.springframework.boot.test.autoconfigure.restdocs.RestDocsTestExecutionListener@158d255c, org.springframework.boot.test.autoconfigure.web.client.MockRestServiceServerResetTestExecutionListener@2ca65ce4, org.springframework.boot.test.autoconfigure.web.servlet.MockMvcPrintOnlyOnFailureTestExecutionListener@327120c8, org.springframework.boot.test.autoconfigure.web.servlet.WebDriverTestExecutionListener@5707c1cb, org.springframework.boot.test.autoconfigure.webservices.client.MockWebServiceServerTestExecutionListener@2b5cb9b2, org.springframework.boot.test.mock.mockito.ResetMocksTestExecutionListener@35038141]
23:37:15.782 [Test worker] DEBUG org.springframework.test.context.support.AbstractDirtiesContextTestExecutionListener - Before test class: context [DefaultTestContext@3b1bb3ab testClass = ObjectMapperApplicationTests, testInstance = [null], testMethod = [null], testException = [null], mergedContextConfiguration = [WebMergedContextConfiguration@5a4bef8 testClass = ObjectMapperApplicationTests, locations = '{}', classes = '{class com.example.objectmapper.ObjectMapperApplication}', contextInitializerClasses = '[]', activeProfiles = '{}', propertySourceLocations = '{}', propertySourceProperties = '{org.springframework.boot.test.context.SpringBootTestContextBootstrapper=true}', contextCustomizers = set[org.springframework.boot.test.autoconfigure.actuate.metrics.MetricsExportContextCustomizerFactory$DisableMetricExportContextCustomizer@5a85c92, org.springframework.boot.test.autoconfigure.properties.PropertyMappingContextCustomizer@0, org.springframework.boot.test.autoconfigure.web.servlet.WebDriverContextCustomizerFactory$Customizer@13f17eb4, org.springframework.boot.test.context.filter.ExcludeFilterContextCustomizer@2a7686a7, org.springframework.boot.test.json.DuplicateJsonObjectContextCustomizerFactory$DuplicateJsonObjectContextCustomizer@312ab28e, org.springframework.boot.test.mock.mockito.MockitoContextCustomizer@0, org.springframework.boot.test.web.client.TestRestTemplateContextCustomizer@1e7aa82b, org.springframework.boot.test.context.SpringBootTestArgs@1, org.springframework.boot.test.context.SpringBootTestWebEnvironment@49b2a47d], resourceBasePath = 'src/main/webapp', contextLoader = 'org.springframework.boot.test.context.SpringBootContextLoader', parent = [null]], attributes = map['org.springframework.test.context.web.ServletTestExecutionListener.activateListener' -> true]], class annotated with @DirtiesContext [false] with mode [null].

  .   ____          _            __ _ _
 /\\ / ___'_ __ _ _(_)_ __  __ _ \ \ \ \
( ( )\___ | '_ | '_| | '_ \/ _` | \ \ \ \
 \\/  ___)| |_)| | | | | || (_| |  ) ) ) )
  '  |____| .__|_| |_|_| |_\__, | / / / /
 =========|_|==============|___/=/_/_/_/
 :: Spring Boot ::                (v2.7.4)

2022-09-22 23:37:16.375  INFO 12959 --- [    Test worker] c.e.o.ObjectMapperApplicationTests       : Starting ObjectMapperApplicationTests using Java 11.0.16.1 on gang-gwiyeong-ui-MacBookAir.local with PID 12959 (started by vida.siru in /Users/vida.siru/IdeaProjects/object-mapper)
2022-09-22 23:37:16.379  INFO 12959 --- [    Test worker] c.e.o.ObjectMapperApplicationTests       : No active profile set, falling back to 1 default profile: "default"
2022-09-22 23:37:18.664  INFO 12959 --- [    Test worker] c.e.o.ObjectMapperApplicationTests       : Started ObjectMapperApplicationTests in 2.789 seconds (JVM running for 4.35)
---------------
{"name":"stever","age":10,"phone_number":null}
User{name='stever', age=10, phoneNumber='null'}
]]></system-out>
  <system-err><![CDATA[]]></system-err>
</testsuite>
